<?xml version="1.0" encoding="utf-8"?><testsuites name="pytest tests"><testsuite name="pytest" errors="0" failures="0" skipped="0" tests="10" time="4.586" timestamp="2026-06-06T15:43:11.091778+00:00" hostname="agent-env-8a024020-fa9c-4743-a4e7-b22ec8d06129"><testcase classname="backend.tests.test_omnigenesis.TestInversionPersistence" name="test_run_returns_id_and_persists" time="0.637" /><testcase classname="backend.tests.test_omnigenesis.TestInversionPersistence" name="test_history_sorted_desc_by_created_at" time="0.649" /><testcase classname="backend.tests.test_omnigenesis.TestInversionPersistence" name="test_history_limit_param" time="0.811" /><testcase classname="backend.tests.test_omnigenesis.TestInversionPersistence" name="test_delete_history_clears" time="0.619" /><testcase classname="backend.tests.test_omnigenesis.TestRoot" name="test_root" time="0.180" /><testcase classname="backend.tests.test_omnigenesis.TestInversionRun" name="test_run_valid" time="0.185" /><testcase classname="backend.tests.test_omnigenesis.TestInversionRun" name="test_run_out_of_range_entropy" time="0.256" /><testcase classname="backend.tests.test_omnigenesis.TestInversionRun" name="test_run_negative" time="0.188" /><testcase classname="backend.tests.test_omnigenesis.TestInversionRun" name="test_run_missing_field" time="0.211" /><testcase classname="backend.tests.test_omnigenesis.TestInversionStream" name="test_stream_content_type_and_data" time="0.192" /></testsuite></testsuites>