<?xml version="1.0" encoding="utf-8"?><testsuites name="pytest tests"><testsuite name="pytest" errors="0" failures="2" skipped="0" tests="16" time="23.381" timestamp="2026-06-06T16:10:54.874376+00:00" hostname="agent-env-8a024020-fa9c-4743-a4e7-b22ec8d06129"><testcase classname="backend.tests.test_omnigenesis.TestInversionPersistence" name="test_run_returns_id_and_persists" time="0.438" /><testcase classname="backend.tests.test_omnigenesis.TestInversionPersistence" name="test_history_sorted_desc_by_created_at" time="0.497" /><testcase classname="backend.tests.test_omnigenesis.TestInversionPersistence" name="test_history_limit_param" time="0.598" /><testcase classname="backend.tests.test_omnigenesis.TestInversionPersistence" name="test_delete_history_clears" time="0.416" /><testcase classname="backend.tests.test_omnigenesis.TestRoot" name="test_root" time="0.137" /><testcase classname="backend.tests.test_omnigenesis.TestWebSocketTerminal" name="test_hello_on_connect" time="0.240" /><testcase classname="backend.tests.test_omnigenesis.TestWebSocketTerminal" name="test_set_target_emits_two_lock_messages" time="0.341" /><testcase classname="backend.tests.test_omnigenesis.TestWebSocketTerminal" name="test_pause_stops_and_resume_restarts" time="3.161" /><testcase classname="backend.tests.test_omnigenesis.TestWebSocketTerminal" name="test_continuous_log_format" time="1.369" /><testcase classname="backend.tests.test_omnigenesis.TestRateLimit" name="test_run_rate_limit_429" time="5.030"><failure message="AssertionError: expected 429 within 33 calls, last=200&#10;assert False">backend/tests/test_omnigenesis.py:201: in test_run_rate_limit_429
    assert hit_429, f"expected 429 within 33 calls, last={last_status}"
E   AssertionError: expected 429 within 33 calls, last=200
E   assert False</failure></testcase><testcase classname="backend.tests.test_omnigenesis.TestRateLimit" name="test_history_rate_limit_429" time="9.968"><failure message="AssertionError: expected 429 on history within 65 calls&#10;assert False">backend/tests/test_omnigenesis.py:210: in test_history_rate_limit_429
    assert hit_429, "expected 429 on history within 65 calls"
E   AssertionError: expected 429 on history within 65 calls
E   assert False</failure></testcase><testcase classname="backend.tests.test_omnigenesis.TestInversionRun" name="test_run_valid" time="0.149" /><testcase classname="backend.tests.test_omnigenesis.TestInversionRun" name="test_run_out_of_range_entropy" time="0.139" /><testcase classname="backend.tests.test_omnigenesis.TestInversionRun" name="test_run_negative" time="0.173" /><testcase classname="backend.tests.test_omnigenesis.TestInversionRun" name="test_run_missing_field" time="0.140" /><testcase classname="backend.tests.test_omnigenesis.TestInversionStream" name="test_stream_content_type_and_data" time="0.149" /></testsuite></testsuites>